<?xml version="1.0"?>
<?mso-application progid="Excel.Sheet"?>
<Workbook xmlns="urn:schemas-microsoft-com:office:spreadsheet"
 xmlns:o="urn:schemas-microsoft-com:office:office"
 xmlns:x="urn:schemas-microsoft-com:office:excel"
 xmlns:ss="urn:schemas-microsoft-com:office:spreadsheet"
 xmlns:html="http://www.w3.org/TR/REC-html40">
 <DocumentProperties xmlns="urn:schemas-microsoft-com:office:office">
  <Author>Microsoft Office User</Author>
  <LastAuthor>Microsoft Office User</LastAuthor>
  <Created>2020-03-09T20:00:46Z</Created>
  <LastSaved>2020-03-09T20:10:50Z</LastSaved>
  <Version>16.00</Version>
 </DocumentProperties>
 <OfficeDocumentSettings xmlns="urn:schemas-microsoft-com:office:office">
  <AllowPNG/>
 </OfficeDocumentSettings>
 <ExcelWorkbook xmlns="urn:schemas-microsoft-com:office:excel">
  <WindowHeight>16940</WindowHeight>
  <WindowWidth>32767</WindowWidth>
  <WindowTopX>2240</WindowTopX>
  <WindowTopY>600</WindowTopY>
  <ProtectStructure>False</ProtectStructure>
  <ProtectWindows>False</ProtectWindows>
 </ExcelWorkbook>
 <Styles>
  <Style ss:ID="Default" ss:Name="Normal">
   <Alignment ss:Vertical="Bottom"/>
   <Borders/>
   <Font ss:FontName="Calibri" x:Family="Swiss" ss:Size="12" ss:Color="#000000"/>
   <Interior/>
   <NumberFormat/>
   <Protection/>
  </Style>
  <Style ss:ID="s62">
   <Font ss:FontName="Palatino Linotype" x:Family="Roman" ss:Size="12"
    ss:Color="#000000"/>
  </Style>
  <Style ss:ID="s63">
   <Font ss:FontName="Arial" x:Family="Swiss" ss:Color="#000000"/>
  </Style>
  <Style ss:ID="s64">
   <Font ss:FontName="Menlo" x:Family="Swiss" ss:Size="12" ss:Color="#808080"/>
  </Style>
  <Style ss:ID="s65">
   <Alignment ss:Vertical="Bottom" ss:WrapText="1"/>
  </Style>
 </Styles>
 <Worksheet ss:Name="Sheet1">
  <Table ss:ExpandedColumnCount="10" ss:ExpandedRowCount="38" x:FullColumns="1"
   x:FullRows="1" ss:DefaultColumnWidth="65" ss:DefaultRowHeight="16">
   <Column ss:Width="525"/>
   <Column ss:AutoFitWidth="0" ss:Width="301" ss:Span="1"/>
   <Column ss:Index="4" ss:AutoFitWidth="0" ss:Width="114"/>
   <Column ss:Width="222"/>
   <Row ss:Height="390">
    <Cell ss:StyleID="s64"><Data ss:Type="String">&lt;li&gt; &lt;img class=&quot;brick-photo&quot; src=&quot;https://pages.tcnj.edu/files/2020/09/</Data></Cell>
    <Cell ss:StyleID="s62"><Data ss:Type="String">DSC_0574.jpg</Data></Cell>
    <Cell ss:StyleID="s62"><Data ss:Type="String">&quot; alt=&quot;brick&quot;/&gt;&lt;div class=&quot;brick-details&quot;&gt;&lt;h3 class=&quot;project-name&quot;&gt;</Data></Cell>
    <Cell ss:StyleID="s62"><Data ss:Type="String">Bill Cahill</Data></Cell>
    <Cell ss:StyleID="s64"><ss:Data ss:Type="String"
      xmlns="http://www.w3.org/TR/REC-html40"><Font html:Color="#808080">&lt;/</Font><Font
       html:Color="#569CD6">h3</Font><Font html:Color="#808080">&gt;&lt;p class=&quot;project-title&quot;&gt;Graduating Year: </Font></ss:Data></Cell>
    <Cell ss:StyleID="s62"><Data ss:Type="Number">2005</Data></Cell>
    <Cell ss:StyleID="s62"><Data ss:Type="Number">2009</Data></Cell>
    <Cell ss:StyleID="s62"><Data ss:Type="String">&lt;/p&gt;&lt;p class=&quot;project-label&quot;&gt;Brick Location: </Data></Cell>
    <Cell ss:StyleID="s62"><Data ss:Type="String">A</Data></Cell>
    <Cell ss:StyleID="s65"><Data ss:Type="String">&lt;/p&gt;&lt;/div&gt;&lt;div class=&quot;brick-location&quot;&gt; &lt;a href=&quot;&quot;&gt; &lt;img src=&quot;https://alumni.tcnj.edu/wp-content/uploads/sites/16/2020/03/brick-location-e.jpg&quot; alt=&quot;brick location&quot;&gt;&lt;/a&gt;&lt;p&gt;&lt;a href=&quot;&quot;&gt;View Larger&lt;/a&gt;&lt;/p&gt;&lt;/div&gt;&lt;/li&gt;</Data></Cell>
   </Row>
   <Row ss:Height="19">
    <Cell ss:StyleID="s64"/>
    <Cell ss:StyleID="s62"><Data ss:Type="String">DSC_0573.jpg</Data></Cell>
    <Cell ss:StyleID="s62"/>
    <Cell ss:StyleID="s62"><Data ss:Type="String">Terri Martinac</Data></Cell>
    <Cell ss:StyleID="s64"/>
    <Cell ss:StyleID="s62"><Data ss:Type="Number">1972</Data></Cell>
    <Cell ss:StyleID="s62"><Data ss:Type="Number">1973</Data></Cell>
    <Cell ss:StyleID="s62"/>
    <Cell ss:StyleID="s62"><Data ss:Type="String">A</Data></Cell>
   </Row>
   <Row ss:Height="19">
    <Cell ss:Index="2" ss:StyleID="s62"><Data ss:Type="String">DSC_0576.jpg</Data></Cell>
    <Cell ss:StyleID="s62"/>
    <Cell ss:StyleID="s62"><Data ss:Type="String">Michelle Rende</Data></Cell>
    <Cell ss:StyleID="s62"/>
    <Cell ss:StyleID="s62"><Data ss:Type="Number">1990</Data></Cell>
    <Cell ss:StyleID="s63"/>
    <Cell ss:StyleID="s63"/>
    <Cell ss:StyleID="s62"><Data ss:Type="String">A</Data></Cell>
   </Row>
   <Row ss:Height="19">
    <Cell ss:Index="2" ss:StyleID="s62"><Data ss:Type="String">DSC_0576.jpg</Data></Cell>
    <Cell ss:StyleID="s62"/>
    <Cell ss:StyleID="s62"><Data ss:Type="String">Tom Rende</Data></Cell>
    <Cell ss:StyleID="s62"/>
    <Cell ss:StyleID="s62"><Data ss:Type="Number">1967</Data></Cell>
    <Cell ss:StyleID="s63"/>
    <Cell ss:StyleID="s63"/>
    <Cell ss:StyleID="s62"><Data ss:Type="String">A</Data></Cell>
   </Row>
   <Row ss:Height="19">
    <Cell ss:Index="2" ss:StyleID="s62"><Data ss:Type="String">DSC_0572.jpg</Data></Cell>
    <Cell ss:StyleID="s62"/>
    <Cell ss:StyleID="s62"><Data ss:Type="String">Jonathan Peck</Data></Cell>
    <Cell ss:StyleID="s62"/>
    <Cell ss:StyleID="s62"><Data ss:Type="Number">1996</Data></Cell>
    <Cell ss:StyleID="s63"/>
    <Cell ss:StyleID="s63"/>
    <Cell ss:StyleID="s62"><Data ss:Type="String">A</Data></Cell>
   </Row>
   <Row ss:Height="19">
    <Cell ss:Index="2" ss:StyleID="s62"><Data ss:Type="String">DSC_0571.jpg</Data></Cell>
    <Cell ss:StyleID="s62"/>
    <Cell ss:StyleID="s62"><Data ss:Type="String">Gregory Bellotti</Data></Cell>
    <Cell ss:StyleID="s62"/>
    <Cell ss:StyleID="s62"><Data ss:Type="Number">1992</Data></Cell>
    <Cell ss:StyleID="s63"/>
    <Cell ss:StyleID="s63"/>
    <Cell ss:StyleID="s62"><Data ss:Type="String">A</Data></Cell>
   </Row>
   <Row ss:Height="19">
    <Cell ss:Index="2" ss:StyleID="s62"><Data ss:Type="String">DSC_0579.jpg</Data></Cell>
    <Cell ss:StyleID="s62"/>
    <Cell ss:StyleID="s62"><Data ss:Type="String">PJ Brateiris</Data></Cell>
    <Cell ss:StyleID="s62"/>
    <Cell ss:StyleID="s62"><Data ss:Type="Number">1966</Data></Cell>
    <Cell ss:StyleID="s63"/>
    <Cell ss:StyleID="s63"/>
    <Cell ss:StyleID="s62"><Data ss:Type="String">A</Data></Cell>
   </Row>
   <Row ss:Height="19">
    <Cell ss:Index="2" ss:StyleID="s62"><Data ss:Type="String">DSC_0578.jpg</Data></Cell>
    <Cell ss:StyleID="s62"/>
    <Cell ss:StyleID="s62"><Data ss:Type="String">Brian Reingold</Data></Cell>
    <Cell ss:StyleID="s62"/>
    <Cell ss:StyleID="s62"><Data ss:Type="Number">1988</Data></Cell>
    <Cell ss:StyleID="s63"/>
    <Cell ss:StyleID="s63"/>
    <Cell ss:StyleID="s62"><Data ss:Type="String">A</Data></Cell>
   </Row>
   <Row ss:Height="19">
    <Cell ss:Index="2" ss:StyleID="s62"><Data ss:Type="String">20200214_141940.jpg</Data></Cell>
    <Cell ss:StyleID="s62"/>
    <Cell ss:StyleID="s62"><Data ss:Type="String">Dolores Cutler</Data></Cell>
    <Cell ss:StyleID="s62"/>
    <Cell ss:StyleID="s62"><Data ss:Type="Number">2014</Data></Cell>
    <Cell ss:StyleID="s63"/>
    <Cell ss:StyleID="s63"/>
    <Cell ss:StyleID="s62"><Data ss:Type="String">B</Data></Cell>
   </Row>
   <Row ss:Height="19">
    <Cell ss:Index="2" ss:StyleID="s62"><Data ss:Type="String">IMG_3182.jpg</Data></Cell>
    <Cell ss:StyleID="s62"/>
    <Cell ss:StyleID="s62"><Data ss:Type="String">Dolores Cutler</Data></Cell>
    <Cell ss:StyleID="s62"/>
    <Cell ss:StyleID="s62"><Data ss:Type="Number">2014</Data></Cell>
    <Cell ss:StyleID="s63"/>
    <Cell ss:StyleID="s63"/>
    <Cell ss:StyleID="s62"><Data ss:Type="String">B</Data></Cell>
   </Row>
   <Row ss:Height="19">
    <Cell ss:Index="2" ss:StyleID="s62"><Data ss:Type="String">IMG_3186.jpg</Data></Cell>
    <Cell ss:StyleID="s62"/>
    <Cell ss:StyleID="s62"><Data ss:Type="String">Jenna Benjamin</Data></Cell>
    <Cell ss:StyleID="s62"/>
    <Cell ss:StyleID="s62"><Data ss:Type="Number">2014</Data></Cell>
    <Cell ss:StyleID="s63"/>
    <Cell ss:StyleID="s63"/>
    <Cell ss:StyleID="s62"><Data ss:Type="String">B</Data></Cell>
   </Row>
   <Row ss:Height="19">
    <Cell ss:Index="2" ss:StyleID="s62"><Data ss:Type="String">IMG_3229.jpg</Data></Cell>
    <Cell ss:StyleID="s62"/>
    <Cell ss:StyleID="s62"><Data ss:Type="String">Irene Eaton</Data></Cell>
    <Cell ss:StyleID="s62"/>
    <Cell ss:StyleID="s63"/>
    <Cell ss:StyleID="s63"/>
    <Cell ss:StyleID="s63"/>
    <Cell ss:StyleID="s62"><Data ss:Type="String">B</Data></Cell>
   </Row>
   <Row ss:Height="19">
    <Cell ss:Index="2" ss:StyleID="s62"><Data ss:Type="String">IMG_3308.jpg</Data></Cell>
    <Cell ss:StyleID="s62"/>
    <Cell ss:StyleID="s62"><Data ss:Type="String">Maria Falca Dodson</Data></Cell>
    <Cell ss:StyleID="s62"/>
    <Cell ss:StyleID="s62"><Data ss:Type="Number">1975</Data></Cell>
    <Cell ss:StyleID="s63"/>
    <Cell ss:StyleID="s63"/>
    <Cell ss:StyleID="s62"><Data ss:Type="String">B</Data></Cell>
   </Row>
   <Row ss:Height="19">
    <Cell ss:Index="2" ss:StyleID="s62"><Data ss:Type="String">IMG_33310.jpg</Data></Cell>
    <Cell ss:StyleID="s62"/>
    <Cell ss:StyleID="s62"><Data ss:Type="String">Andy Polansky</Data></Cell>
    <Cell ss:StyleID="s62"/>
    <Cell ss:StyleID="s62"><Data ss:Type="Number">1983</Data></Cell>
    <Cell ss:StyleID="s63"/>
    <Cell ss:StyleID="s63"/>
    <Cell ss:StyleID="s62"><Data ss:Type="String">B</Data></Cell>
   </Row>
   <Row ss:Height="19">
    <Cell ss:Index="2" ss:StyleID="s62"><Data ss:Type="String">IMG_3189.jpg</Data></Cell>
    <Cell ss:StyleID="s62"/>
    <Cell ss:StyleID="s62"><Data ss:Type="String">Harris Syed</Data></Cell>
    <Cell ss:StyleID="s62"/>
    <Cell ss:StyleID="s62"><Data ss:Type="Number">2014</Data></Cell>
    <Cell ss:StyleID="s63"/>
    <Cell ss:StyleID="s63"/>
    <Cell ss:StyleID="s62"><Data ss:Type="String">B</Data></Cell>
   </Row>
   <Row ss:Height="19">
    <Cell ss:Index="2" ss:StyleID="s62"><Data ss:Type="String">IMG_3189.jpg</Data></Cell>
    <Cell ss:StyleID="s62"/>
    <Cell ss:StyleID="s62"><Data ss:Type="String">Daniel Syed</Data></Cell>
    <Cell ss:StyleID="s62"/>
    <Cell ss:StyleID="s62"><Data ss:Type="Number">2012</Data></Cell>
    <Cell ss:StyleID="s63"/>
    <Cell ss:StyleID="s63"/>
    <Cell ss:StyleID="s62"><Data ss:Type="String">B</Data></Cell>
   </Row>
   <Row ss:Height="19">
    <Cell ss:Index="2" ss:StyleID="s62"><Data ss:Type="String">IMG_3189.jpg</Data></Cell>
    <Cell ss:StyleID="s62"/>
    <Cell ss:StyleID="s62"><Data ss:Type="String">Shawn Syed</Data></Cell>
    <Cell ss:StyleID="s62"/>
    <Cell ss:StyleID="s62"><Data ss:Type="Number">2017</Data></Cell>
    <Cell ss:StyleID="s63"/>
    <Cell ss:StyleID="s63"/>
    <Cell ss:StyleID="s62"><Data ss:Type="String">B</Data></Cell>
   </Row>
   <Row ss:Height="19">
    <Cell ss:Index="2" ss:StyleID="s62"><Data ss:Type="String">IMG_3188.jpg</Data></Cell>
    <Cell ss:StyleID="s62"/>
    <Cell ss:StyleID="s62"><Data ss:Type="String">Cassandra Martin</Data></Cell>
    <Cell ss:StyleID="s62"/>
    <Cell ss:StyleID="s62"><Data ss:Type="Number">2013</Data></Cell>
    <Cell ss:StyleID="s63"/>
    <Cell ss:StyleID="s63"/>
    <Cell ss:StyleID="s62"><Data ss:Type="String">B</Data></Cell>
   </Row>
   <Row ss:Height="19">
    <Cell ss:Index="2" ss:StyleID="s62"><Data ss:Type="String">IMG_3188.jpg</Data></Cell>
    <Cell ss:StyleID="s62"/>
    <Cell ss:StyleID="s62"><Data ss:Type="String">Victoria Martin</Data></Cell>
    <Cell ss:StyleID="s62"/>
    <Cell ss:StyleID="s62"><Data ss:Type="Number">2015</Data></Cell>
    <Cell ss:StyleID="s63"/>
    <Cell ss:StyleID="s63"/>
    <Cell ss:StyleID="s62"><Data ss:Type="String">B</Data></Cell>
   </Row>
   <Row ss:Height="19">
    <Cell ss:Index="2" ss:StyleID="s62"><Data ss:Type="String">IMG_3208.jpg</Data></Cell>
    <Cell ss:StyleID="s62"/>
    <Cell ss:StyleID="s62"><Data ss:Type="String">Lucine Bellocchio Watt</Data></Cell>
    <Cell ss:StyleID="s62"/>
    <Cell ss:StyleID="s62"><Data ss:Type="Number">1974</Data></Cell>
    <Cell ss:StyleID="s63"/>
    <Cell ss:StyleID="s63"/>
    <Cell ss:StyleID="s62"><Data ss:Type="String">B</Data></Cell>
   </Row>
   <Row ss:Height="19">
    <Cell ss:Index="2" ss:StyleID="s62"><Data ss:Type="String">IMG_3210.jpg</Data></Cell>
    <Cell ss:StyleID="s62"/>
    <Cell ss:StyleID="s62"><Data ss:Type="String">Kyle Moses</Data></Cell>
    <Cell ss:StyleID="s62"/>
    <Cell ss:StyleID="s62"><Data ss:Type="Number">2003</Data></Cell>
    <Cell ss:StyleID="s63"/>
    <Cell ss:StyleID="s63"/>
    <Cell ss:StyleID="s62"><Data ss:Type="String">B</Data></Cell>
   </Row>
   <Row ss:Height="19">
    <Cell ss:Index="2" ss:StyleID="s62"><Data ss:Type="String">IMG_3190.jpg</Data></Cell>
    <Cell ss:StyleID="s62"/>
    <Cell ss:StyleID="s62"><Data ss:Type="String">Christopher Di Pietro</Data></Cell>
    <Cell ss:StyleID="s62"/>
    <Cell ss:StyleID="s62"><Data ss:Type="Number">2015</Data></Cell>
    <Cell ss:StyleID="s63"/>
    <Cell ss:StyleID="s63"/>
    <Cell ss:StyleID="s62"><Data ss:Type="String">B</Data></Cell>
   </Row>
   <Row ss:Height="19">
    <Cell ss:Index="2" ss:StyleID="s62"><Data ss:Type="String">IMG_3184.jpg</Data></Cell>
    <Cell ss:StyleID="s62"/>
    <Cell ss:StyleID="s62"><Data ss:Type="String">Daniel J. Leva</Data></Cell>
    <Cell ss:StyleID="s62"/>
    <Cell ss:StyleID="s62"><Data ss:Type="Number">2012</Data></Cell>
    <Cell ss:StyleID="s63"/>
    <Cell ss:StyleID="s63"/>
    <Cell ss:StyleID="s62"><Data ss:Type="String">B</Data></Cell>
   </Row>
   <Row ss:Height="19">
    <Cell ss:Index="2" ss:StyleID="s62"><Data ss:Type="String">IMG_3184.jpg</Data></Cell>
    <Cell ss:StyleID="s62"/>
    <Cell ss:StyleID="s62"><Data ss:Type="String">Rachel M. Leva</Data></Cell>
    <Cell ss:StyleID="s62"/>
    <Cell ss:StyleID="s62"><Data ss:Type="Number">2015</Data></Cell>
    <Cell ss:StyleID="s63"/>
    <Cell ss:StyleID="s63"/>
    <Cell ss:StyleID="s62"><Data ss:Type="String">B</Data></Cell>
   </Row>
   <Row ss:Height="19">
    <Cell ss:Index="2" ss:StyleID="s62"><Data ss:Type="String">IMG_3184.jpg</Data></Cell>
    <Cell ss:StyleID="s62"/>
    <Cell ss:StyleID="s62"><Data ss:Type="String">Michael J. Leva</Data></Cell>
    <Cell ss:StyleID="s62"/>
    <Cell ss:StyleID="s62"><Data ss:Type="Number">2017</Data></Cell>
    <Cell ss:StyleID="s63"/>
    <Cell ss:StyleID="s63"/>
    <Cell ss:StyleID="s62"><Data ss:Type="String">B</Data></Cell>
   </Row>
   <Row ss:Height="19">
    <Cell ss:Index="2" ss:StyleID="s62"><Data ss:Type="String">IMG_3187.jpg</Data></Cell>
    <Cell ss:StyleID="s62"/>
    <Cell ss:StyleID="s62"><Data ss:Type="String">James O'Connor</Data></Cell>
    <Cell ss:StyleID="s62"/>
    <Cell ss:StyleID="s62"><Data ss:Type="Number">2014</Data></Cell>
    <Cell ss:StyleID="s63"/>
    <Cell ss:StyleID="s63"/>
    <Cell ss:StyleID="s62"><Data ss:Type="String">B</Data></Cell>
   </Row>
   <Row ss:Height="19">
    <Cell ss:Index="2" ss:StyleID="s62"><Data ss:Type="String">IMG_3249.jpg</Data></Cell>
    <Cell ss:StyleID="s62"/>
    <Cell ss:StyleID="s62"><Data ss:Type="String">Patricia Gervato</Data></Cell>
    <Cell ss:StyleID="s62"/>
    <Cell ss:StyleID="s62"><Data ss:Type="Number">2014</Data></Cell>
    <Cell ss:StyleID="s63"/>
    <Cell ss:StyleID="s63"/>
    <Cell ss:StyleID="s62"><Data ss:Type="String">B</Data></Cell>
   </Row>
   <Row ss:Height="19">
    <Cell ss:Index="2" ss:StyleID="s62"><Data ss:Type="String">20200214_142006.jpg</Data></Cell>
    <Cell ss:StyleID="s62"/>
    <Cell ss:StyleID="s62"><Data ss:Type="String">Kimberly Purdy</Data></Cell>
    <Cell ss:StyleID="s62"/>
    <Cell ss:StyleID="s62"><Data ss:Type="Number">2014</Data></Cell>
    <Cell ss:StyleID="s62"><Data ss:Type="Number">2015</Data></Cell>
    <Cell ss:StyleID="s62"/>
    <Cell ss:StyleID="s62"><Data ss:Type="String">B</Data></Cell>
   </Row>
   <Row ss:Height="19">
    <Cell ss:Index="2" ss:StyleID="s62"><Data ss:Type="String">20200214_141928.jpg</Data></Cell>
    <Cell ss:StyleID="s62"/>
    <Cell ss:StyleID="s62"><Data ss:Type="String">William J. Kasper</Data></Cell>
    <Cell ss:StyleID="s62"/>
    <Cell ss:StyleID="s62"><Data ss:Type="Number">2014</Data></Cell>
    <Cell ss:StyleID="s63"/>
    <Cell ss:StyleID="s63"/>
    <Cell ss:StyleID="s62"><Data ss:Type="String">B</Data></Cell>
   </Row>
   <Row ss:Height="19">
    <Cell ss:Index="2" ss:StyleID="s62"><Data ss:Type="String">20200214_141925.jpg</Data></Cell>
    <Cell ss:StyleID="s62"/>
    <Cell ss:StyleID="s62"><Data ss:Type="String">Allison Pungello</Data></Cell>
    <Cell ss:StyleID="s62"/>
    <Cell ss:StyleID="s62"><Data ss:Type="Number">2014</Data></Cell>
    <Cell ss:StyleID="s63"/>
    <Cell ss:StyleID="s63"/>
    <Cell ss:StyleID="s62"><Data ss:Type="String">B</Data></Cell>
   </Row>
   <Row ss:Height="19">
    <Cell ss:Index="2" ss:StyleID="s62"><Data ss:Type="String">20200214_142054.jpg</Data></Cell>
    <Cell ss:StyleID="s62"/>
    <Cell ss:StyleID="s62"><Data ss:Type="String">Linda Talarico</Data></Cell>
    <Cell ss:StyleID="s62"/>
    <Cell ss:StyleID="s62"><Data ss:Type="Number">2007</Data></Cell>
    <Cell ss:StyleID="s63"/>
    <Cell ss:StyleID="s63"/>
    <Cell ss:StyleID="s62"><Data ss:Type="String">B</Data></Cell>
   </Row>
   <Row ss:Height="19">
    <Cell ss:Index="2" ss:StyleID="s62"><Data ss:Type="String">20200214_141409.jpg</Data></Cell>
    <Cell ss:StyleID="s62"/>
    <Cell ss:StyleID="s62"><Data ss:Type="String">Amanda Fuchs</Data></Cell>
    <Cell ss:StyleID="s62"/>
    <Cell ss:StyleID="s62"><Data ss:Type="Number">2007</Data></Cell>
    <Cell ss:StyleID="s63"/>
    <Cell ss:StyleID="s63"/>
    <Cell ss:StyleID="s62"><Data ss:Type="String">B</Data></Cell>
   </Row>
   <Row ss:Height="19">
    <Cell ss:Index="2" ss:StyleID="s62"><Data ss:Type="String">IMG_3211.jpg</Data></Cell>
    <Cell ss:StyleID="s62"/>
    <Cell ss:StyleID="s62"><Data ss:Type="String">Gregory Lipari</Data></Cell>
    <Cell ss:StyleID="s62"/>
    <Cell ss:StyleID="s62"><Data ss:Type="Number">2007</Data></Cell>
    <Cell ss:StyleID="s63"/>
    <Cell ss:StyleID="s63"/>
    <Cell ss:StyleID="s62"><Data ss:Type="String">B</Data></Cell>
   </Row>
   <Row ss:Height="19">
    <Cell ss:Index="2" ss:StyleID="s62"><Data ss:Type="String">IMG_3304.jpg</Data></Cell>
    <Cell ss:StyleID="s62"/>
    <Cell ss:StyleID="s62"><Data ss:Type="String">Theresa Martinac</Data></Cell>
    <Cell ss:StyleID="s62"/>
    <Cell ss:StyleID="s62"><Data ss:Type="Number">1972</Data></Cell>
    <Cell ss:StyleID="s62"><Data ss:Type="Number">1973</Data></Cell>
    <Cell ss:StyleID="s62"/>
    <Cell ss:StyleID="s62"><Data ss:Type="String">B</Data></Cell>
   </Row>
   <Row ss:Height="19">
    <Cell ss:Index="2" ss:StyleID="s62"><Data ss:Type="String">IMG_3306.jpg</Data></Cell>
    <Cell ss:StyleID="s62"/>
    <Cell ss:StyleID="s62"><Data ss:Type="String">Dave Icenhower</Data></Cell>
    <Cell ss:StyleID="s62"/>
    <Cell ss:StyleID="s62"><Data ss:Type="Number">1984</Data></Cell>
    <Cell ss:StyleID="s63"/>
    <Cell ss:StyleID="s63"/>
    <Cell ss:StyleID="s62"><Data ss:Type="String">B</Data></Cell>
   </Row>
   <Row ss:Height="19">
    <Cell ss:Index="2" ss:StyleID="s62"><Data ss:Type="String">IMG_3311.jpg</Data></Cell>
    <Cell ss:StyleID="s62"/>
    <Cell ss:StyleID="s62"><Data ss:Type="String">Tammy Tibbetts</Data></Cell>
    <Cell ss:StyleID="s62"/>
    <Cell ss:StyleID="s62"><Data ss:Type="Number">2007</Data></Cell>
    <Cell ss:StyleID="s63"/>
    <Cell ss:StyleID="s63"/>
    <Cell ss:StyleID="s62"><Data ss:Type="String">B</Data></Cell>
   </Row>
   <Row ss:Height="19">
    <Cell ss:Index="2" ss:StyleID="s62"><Data ss:Type="String">20200214_140850.jpg</Data></Cell>
    <Cell ss:StyleID="s62"/>
    <Cell ss:StyleID="s62"><Data ss:Type="String">Elizabeth Lin O'Brien</Data></Cell>
    <Cell ss:StyleID="s62"/>
    <Cell ss:StyleID="s62"><Data ss:Type="Number">2014</Data></Cell>
    <Cell ss:StyleID="s63"/>
    <Cell ss:StyleID="s63"/>
    <Cell ss:StyleID="s62"><Data ss:Type="String">B</Data></Cell>
   </Row>
   <Row ss:Height="19">
    <Cell ss:Index="2" ss:StyleID="s62"><Data ss:Type="String">IMG_3206.jpg</Data></Cell>
    <Cell ss:StyleID="s62"/>
    <Cell ss:StyleID="s62"><Data ss:Type="String">Joseph Brigandi</Data></Cell>
    <Cell ss:StyleID="s62"/>
    <Cell ss:StyleID="s62"><Data ss:Type="Number">2006</Data></Cell>
    <Cell ss:StyleID="s63"/>
    <Cell ss:StyleID="s63"/>
    <Cell ss:StyleID="s62"><Data ss:Type="String">B</Data></Cell>
   </Row>
  </Table>
  <WorksheetOptions xmlns="urn:schemas-microsoft-com:office:excel">
   <PageSetup>
    <Header x:Margin="0.3"/>
    <Footer x:Margin="0.3"/>
    <PageMargins x:Bottom="0.75" x:Left="0.7" x:Right="0.7" x:Top="0.75"/>
   </PageSetup>
   <Selected/>
   <Panes>
    <Pane>
     <Number>3</Number>
     <ActiveCol>1</ActiveCol>
    </Pane>
   </Panes>
   <ProtectObjects>False</ProtectObjects>
   <ProtectScenarios>False</ProtectScenarios>
  </WorksheetOptions>
 </Worksheet>
</Workbook>
